Using pre-set license
Built from '2021.1/staging' branch; Version is '2021.1.6f1 (c0fade0cc7e9) revision 12647134'; Using compiler version '192528614'; Build Type 'Release'
OS: 'Windows 10 Pro; OS build 19042.928; Version 2009; 64bit' Language: 'pt' Physical Memory: 32678 MB
BatchMode: 1, IsHumanControllingUs: 0, StartBugReporterOnCrash: 0, Is64bit: 1, IsPro: 0

 COMMAND LINE ARGUMENTS:
C:\Program Files\Unity\Hub\Editor\2021.1.6f1\Editor\Unity.exe
-adb2
-batchMode
-noUpm
-name
AssetImportWorker1
-projectPath
C:/Users/rafae/Documents/GitHub/opengeopolitical/project/OpenGeopolitical
-logFile
Logs/AssetImportWorker1.log
-srvPort
58386
Successfully changed project path to: C:/Users/rafae/Documents/GitHub/opengeopolitical/project/OpenGeopolitical
C:/Users/rafae/Documents/GitHub/opengeopolitical/project/OpenGeopolitical
Using Asset Import Pipeline V2.
Refreshing native plugins compatible for Editor in 32.28 ms, found 1 plugins.
Preloading 0 native plugins for Editor in 0.00 ms.
Initialize engine version: 2021.1.6f1 (c0fade0cc7e9)
[Subsystems] Discovering subsystems at path C:/Program Files/Unity/Hub/Editor/2021.1.6f1/Editor/Data/Resources/UnitySubsystems
[Subsystems] Discovering subsystems at path C:/Users/rafae/Documents/GitHub/opengeopolitical/project/OpenGeopolitical/Assets
GfxDevice: creating device client; threaded=0; jobified=0
Direct3D:
    Version:  Direct3D 11.0 [level 11.1]
    Renderer: NVIDIA GeForce RTX 2060 SUPER (ID=0x1f06)
    Vendor:   NVIDIA
    VRAM:     8031 MB
    Driver:   27.21.14.6627
Initialize mono
Mono path[0] = 'C:/Program Files/Unity/Hub/Editor/2021.1.6f1/Editor/Data/Managed'
Mono path[1] = 'C:/Program Files/Unity/Hub/Editor/2021.1.6f1/Editor/Data/MonoBleedingEdge/lib/mono/unityjit'
Mono config path = 'C:/Program Files/Unity/Hub/Editor/2021.1.6f1/Editor/Data/MonoBleedingEdge/etc'
Using monoOptions --debugger-agent=transport=dt_socket,embedding=1,server=y,suspend=n,address=127.0.0.1:56548
Begin MonoManager ReloadAssembly
Registering precompiled unity dll's ...
Register platform support module: C:/Program Files/Unity/Hub/Editor/2021.1.6f1/Editor/Data/PlaybackEngines/WindowsStandaloneSupport/UnityEditor.WindowsStandalone.Extensions.dll
Registered in 0.001594 seconds.
Native extension for WindowsStandalone target not found
Refreshing native plugins compatible for Editor in 33.54 ms, found 1 plugins.
Preloading 0 native plugins for Editor in 0.00 ms.
Mono: successfully reloaded assembly
- Completed reload, in  1.365 seconds
Platform modules already initialized, skipping
Registering precompiled user dll's ...
Registered in 0.000754 seconds.
Begin MonoManager ReloadAssembly
Native extension for WindowsStandalone target not found
Refreshing native plugins compatible for Editor in 36.55 ms, found 1 plugins.
Preloading 0 native plugins for Editor in 0.00 ms.
Mono: successfully reloaded assembly
- Completed reload, in  0.907 seconds
Platform modules already initialized, skipping
========================================================================
Worker process is ready to serve import requests
Launched and connected shader compiler UnityShaderCompiler.exe after 0.25 seconds
Refreshing native plugins compatible for Editor in 0.36 ms, found 1 plugins.
Preloading 0 native plugins for Editor in 0.00 ms.
Unloading 1876 Unused Serialized files (Serialized files now loaded: 0)
System memory in use before: 89.7 MB.
System memory in use after: 89.6 MB.

Unloading 24 unused Assets to reduce memory usage. Loaded Objects now: 2335.
Total: 2.100900 ms (FindLiveObjects: 0.163500 ms CreateObjectMapping: 0.051300 ms MarkObjects: 1.771700 ms  DeleteObjects: 0.113300 ms)

========================================================================
Received Import Request.
  path: Assets/CameraScroll.cs
  artifactKey: Guid(2030ef21933d5494192274df8c933565) Importer(815301076,1909f56bfc062723c751e8b465ee728b)
Start importing Assets/CameraScroll.cs using Guid(2030ef21933d5494192274df8c933565) Importer(815301076,1909f56bfc062723c751e8b465ee728b)  -> (artifact id: 'b0b44d6ea1a8c1e6ed589f436064668b') in 0.040332 seconds 
========================================================================
Received Import Request.
  Time since last request: 538.230564 seconds.
  path: Assets/CameraScroll.cs
  artifactKey: Guid(2030ef21933d5494192274df8c933565) Importer(815301076,1909f56bfc062723c751e8b465ee728b)
Start importing Assets/CameraScroll.cs using Guid(2030ef21933d5494192274df8c933565) Importer(815301076,1909f56bfc062723c751e8b465ee728b)  -> (artifact id: 'aafa82f459bb379376b745bc175430e8') in 0.001809 seconds 
========================================================================
Received Import Request.
  Time since last request: 52.173572 seconds.
  path: Assets/CameraScroll.cs
  artifactKey: Guid(2030ef21933d5494192274df8c933565) Importer(815301076,1909f56bfc062723c751e8b465ee728b)
Start importing Assets/CameraScroll.cs using Guid(2030ef21933d5494192274df8c933565) Importer(815301076,1909f56bfc062723c751e8b465ee728b)  -> (artifact id: '49e966ea40a9e9875c3a15e7c2bca28e') in 0.001532 seconds 
========================================================================
Received Prepare
Registering precompiled user dll's ...
Registered in 0.000893 seconds.
Begin MonoManager ReloadAssembly
Native extension for WindowsStandalone target not found
Refreshing native plugins compatible for Editor in 0.37 ms, found 1 plugins.
Preloading 0 native plugins for Editor in 0.00 ms.
Mono: successfully reloaded assembly
- Completed reload, in  0.813 seconds
Platform modules already initialized, skipping
Refreshing native plugins compatible for Editor in 0.35 ms, found 1 plugins.
Preloading 0 native plugins for Editor in 0.00 ms.
Unloading 1865 Unused Serialized files (Serialized files now loaded: 0)
System memory in use before: 89.0 MB.
System memory in use after: 89.0 MB.

Unloading 12 unused Assets to reduce memory usage. Loaded Objects now: 2339.
Total: 2.007600 ms (FindLiveObjects: 0.169100 ms CreateObjectMapping: 0.046000 ms MarkObjects: 1.696600 ms  DeleteObjects: 0.094800 ms)

========================================================================
Received Import Request.
  Time since last request: 826.479440 seconds.
  path: Assets/CameraScroll.cs
  artifactKey: Guid(2030ef21933d5494192274df8c933565) Importer(815301076,1909f56bfc062723c751e8b465ee728b)
Start importing Assets/CameraScroll.cs using Guid(2030ef21933d5494192274df8c933565) Importer(815301076,1909f56bfc062723c751e8b465ee728b)  -> (artifact id: 'bc285716c3ef76a1e5436b3dec36e7c4') in 0.004117 seconds 
========================================================================
Received Prepare
Registering precompiled user dll's ...
Registered in 0.000772 seconds.
Begin MonoManager ReloadAssembly
Native extension for WindowsStandalone target not found
Refreshing native plugins compatible for Editor in 0.41 ms, found 1 plugins.
Preloading 0 native plugins for Editor in 0.00 ms.
Mono: successfully reloaded assembly
- Completed reload, in  0.809 seconds
Platform modules already initialized, skipping
Refreshing native plugins compatible for Editor in 0.37 ms, found 1 plugins.
Preloading 0 native plugins for Editor in 0.00 ms.
Unloading 1865 Unused Serialized files (Serialized files now loaded: 0)
System memory in use before: 89.1 MB.
System memory in use after: 89.1 MB.

Unloading 12 unused Assets to reduce memory usage. Loaded Objects now: 2343.
Total: 2.041600 ms (FindLiveObjects: 0.168600 ms CreateObjectMapping: 0.046200 ms MarkObjects: 1.741600 ms  DeleteObjects: 0.084300 ms)

========================================================================
Received Prepare
Registering precompiled user dll's ...
Registered in 0.000841 seconds.
Begin MonoManager ReloadAssembly
Native extension for WindowsStandalone target not found
Refreshing native plugins compatible for Editor in 0.38 ms, found 1 plugins.
Preloading 0 native plugins for Editor in 0.00 ms.
Mono: successfully reloaded assembly
- Completed reload, in  0.799 seconds
Platform modules already initialized, skipping
Refreshing native plugins compatible for Editor in 0.41 ms, found 1 plugins.
Preloading 0 native plugins for Editor in 0.00 ms.
Unloading 1865 Unused Serialized files (Serialized files now loaded: 0)
System memory in use before: 89.1 MB.
System memory in use after: 89.1 MB.

Unloading 12 unused Assets to reduce memory usage. Loaded Objects now: 2347.
Total: 2.028100 ms (FindLiveObjects: 0.174500 ms CreateObjectMapping: 0.045100 ms MarkObjects: 1.710000 ms  DeleteObjects: 0.097000 ms)

========================================================================
Received Prepare
Registering precompiled user dll's ...
Registered in 0.000914 seconds.
Begin MonoManager ReloadAssembly
Native extension for WindowsStandalone target not found
Refreshing native plugins compatible for Editor in 0.39 ms, found 1 plugins.
Preloading 0 native plugins for Editor in 0.00 ms.
Mono: successfully reloaded assembly
- Completed reload, in  0.807 seconds
Platform modules already initialized, skipping
Refreshing native plugins compatible for Editor in 0.38 ms, found 1 plugins.
Preloading 0 native plugins for Editor in 0.00 ms.
Unloading 1865 Unused Serialized files (Serialized files now loaded: 0)
System memory in use before: 89.1 MB.
System memory in use after: 89.1 MB.

Unloading 12 unused Assets to reduce memory usage. Loaded Objects now: 2351.
Total: 2.105400 ms (FindLiveObjects: 0.160800 ms CreateObjectMapping: 0.045700 ms MarkObjects: 1.810800 ms  DeleteObjects: 0.086800 ms)

========================================================================
Received Import Request.
  Time since last request: 212.040060 seconds.
  path: Assets/CameraScroll.cs
  artifactKey: Guid(2030ef21933d5494192274df8c933565) Importer(815301076,1909f56bfc062723c751e8b465ee728b)
Start importing Assets/CameraScroll.cs using Guid(2030ef21933d5494192274df8c933565) Importer(815301076,1909f56bfc062723c751e8b465ee728b)  -> (artifact id: '63a6062ccb3d725f8f8dba721e187ff2') in 0.004691 seconds 
========================================================================
Received Prepare
Registering precompiled user dll's ...
Registered in 0.000828 seconds.
Begin MonoManager ReloadAssembly
Native extension for WindowsStandalone target not found
Refreshing native plugins compatible for Editor in 0.55 ms, found 1 plugins.
Preloading 0 native plugins for Editor in 0.00 ms.
Mono: successfully reloaded assembly
- Completed reload, in  0.813 seconds
Platform modules already initialized, skipping
Refreshing native plugins compatible for Editor in 0.37 ms, found 1 plugins.
Preloading 0 native plugins for Editor in 0.00 ms.
Unloading 1865 Unused Serialized files (Serialized files now loaded: 0)
System memory in use before: 89.1 MB.
System memory in use after: 89.1 MB.

Unloading 12 unused Assets to reduce memory usage. Loaded Objects now: 2355.
Total: 2.451700 ms (FindLiveObjects: 0.162900 ms CreateObjectMapping: 0.046100 ms MarkObjects: 2.110200 ms  DeleteObjects: 0.130900 ms)

========================================================================
Received Import Request.
  Time since last request: 65.414208 seconds.
  path: Assets/CameraScroll.cs
  artifactKey: Guid(2030ef21933d5494192274df8c933565) Importer(815301076,1909f56bfc062723c751e8b465ee728b)
Start importing Assets/CameraScroll.cs using Guid(2030ef21933d5494192274df8c933565) Importer(815301076,1909f56bfc062723c751e8b465ee728b)  -> (artifact id: '67d5ec98288d36939608f63c6ba95018') in 0.004153 seconds 
========================================================================
Received Prepare
Registering precompiled user dll's ...
Registered in 0.001254 seconds.
Begin MonoManager ReloadAssembly
Native extension for WindowsStandalone target not found
Refreshing native plugins compatible for Editor in 0.44 ms, found 1 plugins.
Preloading 0 native plugins for Editor in 0.00 ms.
Mono: successfully reloaded assembly
- Completed reload, in  0.826 seconds
Platform modules already initialized, skipping
Refreshing native plugins compatible for Editor in 0.37 ms, found 1 plugins.
Preloading 0 native plugins for Editor in 0.00 ms.
Unloading 1865 Unused Serialized files (Serialized files now loaded: 0)
System memory in use before: 89.2 MB.
System memory in use after: 89.1 MB.

Unloading 12 unused Assets to reduce memory usage. Loaded Objects now: 2359.
Total: 2.475700 ms (FindLiveObjects: 0.169500 ms CreateObjectMapping: 0.047000 ms MarkObjects: 2.153400 ms  DeleteObjects: 0.104200 ms)

========================================================================
Received Prepare
Registering precompiled user dll's ...
Registered in 0.000861 seconds.
Begin MonoManager ReloadAssembly
Native extension for WindowsStandalone target not found
Refreshing native plugins compatible for Editor in 0.43 ms, found 1 plugins.
Preloading 0 native plugins for Editor in 0.00 ms.
Mono: successfully reloaded assembly
- Completed reload, in  0.812 seconds
Platform modules already initialized, skipping
Refreshing native plugins compatible for Editor in 0.41 ms, found 1 plugins.
Preloading 0 native plugins for Editor in 0.00 ms.
Unloading 1865 Unused Serialized files (Serialized files now loaded: 0)
System memory in use before: 89.2 MB.
System memory in use after: 89.1 MB.

Unloading 12 unused Assets to reduce memory usage. Loaded Objects now: 2363.
Total: 2.265100 ms (FindLiveObjects: 0.162900 ms CreateObjectMapping: 0.046700 ms MarkObjects: 1.970300 ms  DeleteObjects: 0.083900 ms)

========================================================================
Received Import Request.
  Time since last request: 40.472786 seconds.
  path: Assets/CameraScroll.cs
  artifactKey: Guid(2030ef21933d5494192274df8c933565) Importer(815301076,1909f56bfc062723c751e8b465ee728b)
Start importing Assets/CameraScroll.cs using Guid(2030ef21933d5494192274df8c933565) Importer(815301076,1909f56bfc062723c751e8b465ee728b)  -> (artifact id: '5ae4ceb980a2bef3da92ba1bd9eecedf') in 0.004227 seconds 
========================================================================
Received Prepare
Registering precompiled user dll's ...
Registered in 0.000892 seconds.
Begin MonoManager ReloadAssembly
Native extension for WindowsStandalone target not found
Refreshing native plugins compatible for Editor in 0.39 ms, found 1 plugins.
Preloading 0 native plugins for Editor in 0.00 ms.
Mono: successfully reloaded assembly
- Completed reload, in  0.809 seconds
Platform modules already initialized, skipping
Refreshing native plugins compatible for Editor in 0.35 ms, found 1 plugins.
Preloading 0 native plugins for Editor in 0.00 ms.
Unloading 1865 Unused Serialized files (Serialized files now loaded: 0)
System memory in use before: 89.2 MB.
System memory in use after: 89.1 MB.

Unloading 12 unused Assets to reduce memory usage. Loaded Objects now: 2367.
Total: 2.038400 ms (FindLiveObjects: 0.180500 ms CreateObjectMapping: 0.072900 ms MarkObjects: 1.698800 ms  DeleteObjects: 0.085100 ms)

========================================================================
Received Import Request.
  Time since last request: 36.617374 seconds.
  path: Assets/CameraScroll.cs
  artifactKey: Guid(2030ef21933d5494192274df8c933565) Importer(815301076,1909f56bfc062723c751e8b465ee728b)
Start importing Assets/CameraScroll.cs using Guid(2030ef21933d5494192274df8c933565) Importer(815301076,1909f56bfc062723c751e8b465ee728b)  -> (artifact id: '7102339d01ab8af4bca8a4e17f75a6bd') in 0.004169 seconds 
========================================================================
Received Prepare
Registering precompiled user dll's ...
Registered in 0.000864 seconds.
Begin MonoManager ReloadAssembly
Native extension for WindowsStandalone target not found
Refreshing native plugins compatible for Editor in 0.37 ms, found 1 plugins.
Preloading 0 native plugins for Editor in 0.00 ms.
Mono: successfully reloaded assembly
- Completed reload, in  0.767 seconds
Platform modules already initialized, skipping
Refreshing native plugins compatible for Editor in 0.42 ms, found 1 plugins.
Preloading 0 native plugins for Editor in 0.00 ms.
Unloading 1865 Unused Serialized files (Serialized files now loaded: 0)
System memory in use before: 89.2 MB.
System memory in use after: 89.2 MB.

Unloading 12 unused Assets to reduce memory usage. Loaded Objects now: 2371.
Total: 1.992200 ms (FindLiveObjects: 0.164300 ms CreateObjectMapping: 0.047500 ms MarkObjects: 1.694700 ms  DeleteObjects: 0.084700 ms)

========================================================================
Received Import Request.
  Time since last request: 48.527025 seconds.
  path: Assets/CameraScroll.cs
  artifactKey: Guid(2030ef21933d5494192274df8c933565) Importer(815301076,1909f56bfc062723c751e8b465ee728b)
Start importing Assets/CameraScroll.cs using Guid(2030ef21933d5494192274df8c933565) Importer(815301076,1909f56bfc062723c751e8b465ee728b)  -> (artifact id: '41f61e3cbd26e6ae37beafd589767cbc') in 0.004294 seconds 
========================================================================
Received Prepare
Registering precompiled user dll's ...
Registered in 0.000836 seconds.
Begin MonoManager ReloadAssembly
Native extension for WindowsStandalone target not found
Refreshing native plugins compatible for Editor in 0.37 ms, found 1 plugins.
Preloading 0 native plugins for Editor in 0.00 ms.
Mono: successfully reloaded assembly
- Completed reload, in  0.766 seconds
Platform modules already initialized, skipping
Refreshing native plugins compatible for Editor in 0.37 ms, found 1 plugins.
Preloading 0 native plugins for Editor in 0.00 ms.
Unloading 1865 Unused Serialized files (Serialized files now loaded: 0)
System memory in use before: 89.2 MB.
System memory in use after: 89.2 MB.

Unloading 12 unused Assets to reduce memory usage. Loaded Objects now: 2375.
Total: 2.036100 ms (FindLiveObjects: 0.164500 ms CreateObjectMapping: 0.045400 ms MarkObjects: 1.712900 ms  DeleteObjects: 0.111600 ms)

========================================================================
Received Prepare
Registering precompiled user dll's ...
Registered in 0.000889 seconds.
Begin MonoManager ReloadAssembly
Native extension for WindowsStandalone target not found
Refreshing native plugins compatible for Editor in 0.37 ms, found 1 plugins.
Preloading 0 native plugins for Editor in 0.00 ms.
Mono: successfully reloaded assembly
- Completed reload, in  0.770 seconds
Platform modules already initialized, skipping
Refreshing native plugins compatible for Editor in 0.37 ms, found 1 plugins.
Preloading 0 native plugins for Editor in 0.00 ms.
Unloading 1865 Unused Serialized files (Serialized files now loaded: 0)
System memory in use before: 89.2 MB.
System memory in use after: 89.2 MB.

Unloading 12 unused Assets to reduce memory usage. Loaded Objects now: 2379.
Total: 2.080200 ms (FindLiveObjects: 0.185400 ms CreateObjectMapping: 0.047500 ms MarkObjects: 1.757000 ms  DeleteObjects: 0.089600 ms)

========================================================================
Received Prepare
Registering precompiled user dll's ...
Registered in 0.000801 seconds.
Begin MonoManager ReloadAssembly
Native extension for WindowsStandalone target not found
Refreshing native plugins compatible for Editor in 0.36 ms, found 1 plugins.
Preloading 0 native plugins for Editor in 0.00 ms.
Mono: successfully reloaded assembly
- Completed reload, in  0.778 seconds
Platform modules already initialized, skipping
Refreshing native plugins compatible for Editor in 0.39 ms, found 1 plugins.
Preloading 0 native plugins for Editor in 0.00 ms.
Unloading 1865 Unused Serialized files (Serialized files now loaded: 0)
System memory in use before: 89.2 MB.
System memory in use after: 89.2 MB.

Unloading 12 unused Assets to reduce memory usage. Loaded Objects now: 2383.
Total: 1.998500 ms (FindLiveObjects: 0.148200 ms CreateObjectMapping: 0.045900 ms MarkObjects: 1.720900 ms  DeleteObjects: 0.082900 ms)

========================================================================
Received Import Request.
  Time since last request: 23.658898 seconds.
  path: Assets/CameraScroll.cs
  artifactKey: Guid(2030ef21933d5494192274df8c933565) Importer(815301076,1909f56bfc062723c751e8b465ee728b)
Start importing Assets/CameraScroll.cs using Guid(2030ef21933d5494192274df8c933565) Importer(815301076,1909f56bfc062723c751e8b465ee728b)  -> (artifact id: '91bd00798a533ba1e14bf339cee79590') in 0.004493 seconds 
========================================================================
Received Prepare
Registering precompiled user dll's ...
Registered in 0.001237 seconds.
Begin MonoManager ReloadAssembly
Native extension for WindowsStandalone target not found
Refreshing native plugins compatible for Editor in 0.37 ms, found 1 plugins.
Preloading 0 native plugins for Editor in 0.00 ms.
Mono: successfully reloaded assembly
- Completed reload, in  0.773 seconds
Platform modules already initialized, skipping
Refreshing native plugins compatible for Editor in 0.35 ms, found 1 plugins.
Preloading 0 native plugins for Editor in 0.00 ms.
Unloading 1865 Unused Serialized files (Serialized files now loaded: 0)
System memory in use before: 89.2 MB.
System memory in use after: 89.2 MB.

Unloading 12 unused Assets to reduce memory usage. Loaded Objects now: 2387.
Total: 2.069300 ms (FindLiveObjects: 0.160600 ms CreateObjectMapping: 0.047200 ms MarkObjects: 1.774400 ms  DeleteObjects: 0.085900 ms)

========================================================================
Received Import Request.
  Time since last request: 25.912721 seconds.
  path: Assets/CameraScroll.cs
  artifactKey: Guid(2030ef21933d5494192274df8c933565) Importer(815301076,1909f56bfc062723c751e8b465ee728b)
Start importing Assets/CameraScroll.cs using Guid(2030ef21933d5494192274df8c933565) Importer(815301076,1909f56bfc062723c751e8b465ee728b)  -> (artifact id: '17fdc579f50f23da82aa9e14fbf97cfe') in 0.004021 seconds 
========================================================================
Received Prepare
Registering precompiled user dll's ...
Registered in 0.000727 seconds.
Begin MonoManager ReloadAssembly
Native extension for WindowsStandalone target not found
Refreshing native plugins compatible for Editor in 0.38 ms, found 1 plugins.
Preloading 0 native plugins for Editor in 0.00 ms.
Mono: successfully reloaded assembly
- Completed reload, in  0.775 seconds
Platform modules already initialized, skipping
Refreshing native plugins compatible for Editor in 0.35 ms, found 1 plugins.
Preloading 0 native plugins for Editor in 0.00 ms.
Unloading 1865 Unused Serialized files (Serialized files now loaded: 0)
System memory in use before: 89.2 MB.
System memory in use after: 89.2 MB.

Unloading 12 unused Assets to reduce memory usage. Loaded Objects now: 2391.
Total: 2.287600 ms (FindLiveObjects: 0.175200 ms CreateObjectMapping: 0.047500 ms MarkObjects: 1.973900 ms  DeleteObjects: 0.089900 ms)

========================================================================
Received Prepare
Registering precompiled user dll's ...
Registered in 0.000775 seconds.
Begin MonoManager ReloadAssembly
Native extension for WindowsStandalone target not found
Refreshing native plugins compatible for Editor in 0.38 ms, found 1 plugins.
Preloading 0 native plugins for Editor in 0.00 ms.
Mono: successfully reloaded assembly
- Completed reload, in  0.782 seconds
Platform modules already initialized, skipping
Refreshing native plugins compatible for Editor in 0.37 ms, found 1 plugins.
Preloading 0 native plugins for Editor in 0.00 ms.
Unloading 1865 Unused Serialized files (Serialized files now loaded: 0)
System memory in use before: 89.2 MB.
System memory in use after: 89.2 MB.

Unloading 12 unused Assets to reduce memory usage. Loaded Objects now: 2395.
Total: 2.081500 ms (FindLiveObjects: 0.154400 ms CreateObjectMapping: 0.046400 ms MarkObjects: 1.789100 ms  DeleteObjects: 0.090400 ms)

========================================================================
Received Prepare
Registering precompiled user dll's ...
Registered in 0.016719 seconds.
Begin MonoManager ReloadAssembly
Native extension for WindowsStandalone target not found
Refreshing native plugins compatible for Editor in 0.44 ms, found 1 plugins.
Preloading 0 native plugins for Editor in 0.00 ms.
Mono: successfully reloaded assembly
- Completed reload, in  0.891 seconds
Platform modules already initialized, skipping
Refreshing native plugins compatible for Editor in 0.37 ms, found 1 plugins.
Preloading 0 native plugins for Editor in 0.00 ms.
Unloading 1865 Unused Serialized files (Serialized files now loaded: 0)
System memory in use before: 89.2 MB.
System memory in use after: 89.2 MB.

Unloading 12 unused Assets to reduce memory usage. Loaded Objects now: 2399.
Total: 2.145000 ms (FindLiveObjects: 0.202600 ms CreateObjectMapping: 0.047900 ms MarkObjects: 1.787600 ms  DeleteObjects: 0.106000 ms)

========================================================================
Received Prepare
Registering precompiled user dll's ...
Registered in 0.000921 seconds.
Begin MonoManager ReloadAssembly
Native extension for WindowsStandalone target not found
Refreshing native plugins compatible for Editor in 0.46 ms, found 1 plugins.
Preloading 0 native plugins for Editor in 0.00 ms.
Mono: successfully reloaded assembly
- Completed reload, in  0.876 seconds
Platform modules already initialized, skipping
Refreshing native plugins compatible for Editor in 0.44 ms, found 1 plugins.
Preloading 0 native plugins for Editor in 0.00 ms.
Unloading 1865 Unused Serialized files (Serialized files now loaded: 0)
System memory in use before: 89.3 MB.
System memory in use after: 89.2 MB.

Unloading 12 unused Assets to reduce memory usage. Loaded Objects now: 2403.
Total: 2.531800 ms (FindLiveObjects: 0.246800 ms CreateObjectMapping: 0.053900 ms MarkObjects: 2.132900 ms  DeleteObjects: 0.097200 ms)

========================================================================
Received Prepare
Registering precompiled user dll's ...
Registered in 0.000839 seconds.
Begin MonoManager ReloadAssembly
Native extension for WindowsStandalone target not found
Refreshing native plugins compatible for Editor in 0.48 ms, found 1 plugins.
Preloading 0 native plugins for Editor in 0.00 ms.
Mono: successfully reloaded assembly
- Completed reload, in  0.890 seconds
Platform modules already initialized, skipping
Refreshing native plugins compatible for Editor in 1.01 ms, found 1 plugins.
Preloading 0 native plugins for Editor in 0.00 ms.
Unloading 1865 Unused Serialized files (Serialized files now loaded: 0)
System memory in use before: 89.3 MB.
System memory in use after: 89.2 MB.

Unloading 12 unused Assets to reduce memory usage. Loaded Objects now: 2407.
Total: 2.101800 ms (FindLiveObjects: 0.173900 ms CreateObjectMapping: 0.046100 ms MarkObjects: 1.779100 ms  DeleteObjects: 0.101700 ms)

========================================================================
Received Prepare
Registering precompiled user dll's ...
Registered in 0.001644 seconds.
Begin MonoManager ReloadAssembly
Native extension for WindowsStandalone target not found
Refreshing native plugins compatible for Editor in 0.38 ms, found 1 plugins.
Preloading 0 native plugins for Editor in 0.00 ms.
Mono: successfully reloaded assembly
- Completed reload, in  0.875 seconds
Platform modules already initialized, skipping
Refreshing native plugins compatible for Editor in 0.38 ms, found 1 plugins.
Preloading 0 native plugins for Editor in 0.00 ms.
Unloading 1865 Unused Serialized files (Serialized files now loaded: 0)
System memory in use before: 89.3 MB.
System memory in use after: 89.2 MB.

Unloading 12 unused Assets to reduce memory usage. Loaded Objects now: 2411.
Total: 2.121900 ms (FindLiveObjects: 0.193400 ms CreateObjectMapping: 0.045900 ms MarkObjects: 1.780100 ms  DeleteObjects: 0.101200 ms)

========================================================================
Received Prepare
Registering precompiled user dll's ...
Registered in 0.001303 seconds.
Begin MonoManager ReloadAssembly
Native extension for WindowsStandalone target not found
Refreshing native plugins compatible for Editor in 0.37 ms, found 1 plugins.
Preloading 0 native plugins for Editor in 0.00 ms.
Mono: successfully reloaded assembly
- Completed reload, in  0.864 seconds
Platform modules already initialized, skipping
Refreshing native plugins compatible for Editor in 0.47 ms, found 1 plugins.
Preloading 0 native plugins for Editor in 0.00 ms.
Unloading 1865 Unused Serialized files (Serialized files now loaded: 0)
System memory in use before: 89.3 MB.
System memory in use after: 89.3 MB.

Unloading 12 unused Assets to reduce memory usage. Loaded Objects now: 2415.
Total: 2.362700 ms (FindLiveObjects: 0.199200 ms CreateObjectMapping: 0.047400 ms MarkObjects: 2.015900 ms  DeleteObjects: 0.099200 ms)

========================================================================
Received Import Request.
  Time since last request: 9597.506354 seconds.
  path: Assets/ui/mainui/pause.png
  artifactKey: Guid(0748f40a50204964a88a0de4e7e2c5ce) Importer(815301076,1909f56bfc062723c751e8b465ee728b)
Start importing Assets/ui/mainui/pause.png using Guid(0748f40a50204964a88a0de4e7e2c5ce) Importer(815301076,1909f56bfc062723c751e8b465ee728b)  -> (artifact id: '61604c238b097c59989505f58ac80f59') in 0.152843 seconds 
========================================================================
Received Prepare
Registering precompiled user dll's ...
Registered in 0.000822 seconds.
Begin MonoManager ReloadAssembly
Native extension for WindowsStandalone target not found
Refreshing native plugins compatible for Editor in 0.45 ms, found 1 plugins.
Preloading 0 native plugins for Editor in 0.00 ms.
Mono: successfully reloaded assembly
- Completed reload, in  0.921 seconds
Platform modules already initialized, skipping
Refreshing native plugins compatible for Editor in 0.57 ms, found 1 plugins.
Preloading 0 native plugins for Editor in 0.00 ms.
Unloading 1866 Unused Serialized files (Serialized files now loaded: 0)
System memory in use before: 93.5 MB.
System memory in use after: 93.5 MB.

Unloading 12 unused Assets to reduce memory usage. Loaded Objects now: 2440.
Total: 2.892800 ms (FindLiveObjects: 0.303700 ms CreateObjectMapping: 0.066000 ms MarkObjects: 2.375900 ms  DeleteObjects: 0.145500 ms)

========================================================================
Received Import Request.
  Time since last request: 146.273187 seconds.
  path: Assets/ui/mainui/pause.png
  artifactKey: Guid(0748f40a50204964a88a0de4e7e2c5ce) Importer(815301076,1909f56bfc062723c751e8b465ee728b)
Start importing Assets/ui/mainui/pause.png using Guid(0748f40a50204964a88a0de4e7e2c5ce) Importer(815301076,1909f56bfc062723c751e8b465ee728b)  -> (artifact id: 'c4a57ecdb5f1cbd67045b5490cbbdbe8') in 0.054491 seconds 
========================================================================
Received Import Request.
  Time since last request: 0.000226 seconds.
  path: Assets/ui/mainui/pause@2x.png
  artifactKey: Guid(31856a5b1869b8c4ba4eead0e2df005d) Importer(815301076,1909f56bfc062723c751e8b465ee728b)
Start importing Assets/ui/mainui/pause@2x.png using Guid(31856a5b1869b8c4ba4eead0e2df005d) Importer(815301076,1909f56bfc062723c751e8b465ee728b)  -> (artifact id: 'd69ec79c6cdec1549d33a64157846fa9') in 0.014960 seconds 
========================================================================
Received Import Request.
  Time since last request: 20.973756 seconds.
  path: Assets/ui/mainui/pause.png
  artifactKey: Guid(31856a5b1869b8c4ba4eead0e2df005d) Importer(815301076,1909f56bfc062723c751e8b465ee728b)
Start importing Assets/ui/mainui/pause.png using Guid(31856a5b1869b8c4ba4eead0e2df005d) Importer(815301076,1909f56bfc062723c751e8b465ee728b)  -> (artifact id: '01cc08e33f12697d9eb76d517c52f375') in 0.013994 seconds 
========================================================================
Received Import Request.
  Time since last request: 2407.206961 seconds.
  path: Assets/fonts
  artifactKey: Guid(47af53e5f4804b848b472002ac84d60b) Importer(815301076,1909f56bfc062723c751e8b465ee728b)
Start importing Assets/fonts using Guid(47af53e5f4804b848b472002ac84d60b) Importer(815301076,1909f56bfc062723c751e8b465ee728b)  -> (artifact id: '7c0d00ea09732c9d37c2d13e487ab895') in 0.002451 seconds 
========================================================================
Received Import Request.
  Time since last request: 136.394734 seconds.
  path: Assets/fonts/Roboto-Black.ttf
  artifactKey: Guid(8624760e570a27f41a968235285d37df) Importer(815301076,1909f56bfc062723c751e8b465ee728b)
Start importing Assets/fonts/Roboto-Black.ttf using Guid(8624760e570a27f41a968235285d37df) Importer(815301076,1909f56bfc062723c751e8b465ee728b)  -> (artifact id: '31baaeeaaf769059cb9bc583d1bdbafb') in 0.076133 seconds 
========================================================================
Received Import Request.
  Time since last request: 0.000262 seconds.
  path: Assets/fonts/Roboto-Regular.ttf
  artifactKey: Guid(67674b0c779038e4bbaa9c020c74c576) Importer(815301076,1909f56bfc062723c751e8b465ee728b)
Start importing Assets/fonts/Roboto-Regular.ttf using Guid(67674b0c779038e4bbaa9c020c74c576) Importer(815301076,1909f56bfc062723c751e8b465ee728b)  -> (artifact id: '83bc62d86ab1071771ed9f269733ba90') in 0.014009 seconds 
========================================================================
Received Import Request.
  Time since last request: 0.000385 seconds.
  path: Assets/fonts/Roboto-Light.ttf
  artifactKey: Guid(8da913625667c2743afc48f6d1668c0d) Importer(815301076,1909f56bfc062723c751e8b465ee728b)
Start importing Assets/fonts/Roboto-Light.ttf using Guid(8da913625667c2743afc48f6d1668c0d) Importer(815301076,1909f56bfc062723c751e8b465ee728b)  -> (artifact id: '0eb18b00259080db3cd0273480bbe7ae') in 0.016359 seconds 
========================================================================
Received Import Request.
  Time since last request: 0.000220 seconds.
  path: Assets/fonts/Roboto-BoldItalic.ttf
  artifactKey: Guid(5c9a2fbc26fd8634e9abcecb1efca266) Importer(815301076,1909f56bfc062723c751e8b465ee728b)
Start importing Assets/fonts/Roboto-BoldItalic.ttf using Guid(5c9a2fbc26fd8634e9abcecb1efca266) Importer(815301076,1909f56bfc062723c751e8b465ee728b)  -> (artifact id: '495ae94c2a0b932224b1aaa341d1fe7d') in 0.019703 seconds 
========================================================================
Received Import Request.
  Time since last request: 0.000219 seconds.
  path: Assets/fonts/Roboto-Medium.ttf
  artifactKey: Guid(250eebd23a6b4174d99821eea6fc1610) Importer(815301076,1909f56bfc062723c751e8b465ee728b)
Start importing Assets/fonts/Roboto-Medium.ttf using Guid(250eebd23a6b4174d99821eea6fc1610) Importer(815301076,1909f56bfc062723c751e8b465ee728b)  -> (artifact id: '3ce82278a4f19fc5548f5e33ecc03804') in 0.016228 seconds 
========================================================================
Received Import Request.
  Time since last request: 0.000245 seconds.
  path: Assets/fonts/Roboto-MediumItalic.ttf
  artifactKey: Guid(1b9774b3d1d753e48a0256c8bebb6423) Importer(815301076,1909f56bfc062723c751e8b465ee728b)
Start importing Assets/fonts/Roboto-MediumItalic.ttf using Guid(1b9774b3d1d753e48a0256c8bebb6423) Importer(815301076,1909f56bfc062723c751e8b465ee728b)  -> (artifact id: '42220f8a230caaff96a530077bc49ab2') in 0.012849 seconds 
========================================================================
Received Import Request.
  Time since last request: 0.000296 seconds.
  path: Assets/fonts/Roboto-Italic.ttf
  artifactKey: Guid(ae19f8feb0af63f42bbca241476256b4) Importer(815301076,1909f56bfc062723c751e8b465ee728b)
Start importing Assets/fonts/Roboto-Italic.ttf using Guid(ae19f8feb0af63f42bbca241476256b4) Importer(815301076,1909f56bfc062723c751e8b465ee728b)  -> (artifact id: '4686cf04a3585dd78028a563b9acbe2d') in 0.015649 seconds 
========================================================================
Received Import Request.
  Time since last request: 0.000189 seconds.
  path: Assets/fonts/Roboto-Thin.ttf
  artifactKey: Guid(9d9612a06c542b9418e7d664cbdd4f1d) Importer(815301076,1909f56bfc062723c751e8b465ee728b)
Start importing Assets/fonts/Roboto-Thin.ttf using Guid(9d9612a06c542b9418e7d664cbdd4f1d) Importer(815301076,1909f56bfc062723c751e8b465ee728b)  -> (artifact id: '75c25d60b70bb38a6dd0b5f239a5d313') in 0.014465 seconds 
========================================================================
Received Import Request.
  Time since last request: 0.000217 seconds.
  path: Assets/fonts/Roboto-LightItalic.ttf
  artifactKey: Guid(c3e4161f380b14347b6b2e64691417af) Importer(815301076,1909f56bfc062723c751e8b465ee728b)
Start importing Assets/fonts/Roboto-LightItalic.ttf using Guid(c3e4161f380b14347b6b2e64691417af) Importer(815301076,1909f56bfc062723c751e8b465ee728b)  -> (artifact id: '04fa33924955e672287b556ce69f57ea') in 0.011605 seconds 
========================================================================
Received Import Request.
  Time since last request: 0.000484 seconds.
  path: Assets/fonts/Roboto-ThinItalic.ttf
  artifactKey: Guid(324dd4b0156ebc34596b1538e1895749) Importer(815301076,1909f56bfc062723c751e8b465ee728b)
Start importing Assets/fonts/Roboto-ThinItalic.ttf using Guid(324dd4b0156ebc34596b1538e1895749) Importer(815301076,1909f56bfc062723c751e8b465ee728b)  -> (artifact id: '6281224705dbb62313cc01338f0d02de') in 0.014017 seconds 
========================================================================
Received Import Request.
  Time since last request: 0.000205 seconds.
  path: Assets/fonts/Roboto-Bold.ttf
  artifactKey: Guid(7e4db0e6ffe52754285c23237413366b) Importer(815301076,1909f56bfc062723c751e8b465ee728b)
Start importing Assets/fonts/Roboto-Bold.ttf using Guid(7e4db0e6ffe52754285c23237413366b) Importer(815301076,1909f56bfc062723c751e8b465ee728b)  -> (artifact id: 'd72cee501307beaa885e2bbb1b7e4afb') in 0.015897 seconds 
========================================================================
Received Import Request.
  Time since last request: 0.000213 seconds.
  path: Assets/fonts/Roboto-BlackItalic.ttf
  artifactKey: Guid(b4914a15adf31c64e9194810cfcbfa90) Importer(815301076,1909f56bfc062723c751e8b465ee728b)
Start importing Assets/fonts/Roboto-BlackItalic.ttf using Guid(b4914a15adf31c64e9194810cfcbfa90) Importer(815301076,1909f56bfc062723c751e8b465ee728b)  -> (artifact id: '1de5854abf8c2bce919dbef683916d0a') in 0.012403 seconds 
========================================================================
Received Prepare
Registering precompiled user dll's ...
Registered in 0.001833 seconds.
Begin MonoManager ReloadAssembly
Native extension for WindowsStandalone target not found
Refreshing native plugins compatible for Editor in 0.41 ms, found 1 plugins.
Preloading 0 native plugins for Editor in 0.00 ms.
Mono: successfully reloaded assembly
- Completed reload, in  0.949 seconds
Platform modules already initialized, skipping
Refreshing native plugins compatible for Editor in 0.37 ms, found 1 plugins.
Preloading 0 native plugins for Editor in 0.00 ms.
Unloading 1878 Unused Serialized files (Serialized files now loaded: 0)
System memory in use before: 100.3 MB.
System memory in use after: 100.3 MB.

Unloading 12 unused Assets to reduce memory usage. Loaded Objects now: 2711.
Total: 2.533800 ms (FindLiveObjects: 0.279300 ms CreateObjectMapping: 0.120000 ms MarkObjects: 2.039900 ms  DeleteObjects: 0.092500 ms)

========================================================================
Received Prepare
Registering precompiled user dll's ...
Registered in 0.000917 seconds.
Begin MonoManager ReloadAssembly
Native extension for WindowsStandalone target not found
Refreshing native plugins compatible for Editor in 0.31 ms, found 1 plugins.
Preloading 0 native plugins for Editor in 0.00 ms.
Mono: successfully reloaded assembly
- Completed reload, in  0.969 seconds
Platform modules already initialized, skipping
Refreshing native plugins compatible for Editor in 0.43 ms, found 1 plugins.
Preloading 0 native plugins for Editor in 0.00 ms.
Unloading 1865 Unused Serialized files (Serialized files now loaded: 0)
System memory in use before: 99.9 MB.
System memory in use after: 99.9 MB.

Unloading 12 unused Assets to reduce memory usage. Loaded Objects now: 2715.
Total: 3.052600 ms (FindLiveObjects: 0.277100 ms CreateObjectMapping: 0.056800 ms MarkObjects: 2.554800 ms  DeleteObjects: 0.162200 ms)

========================================================================
Received Prepare
Registering precompiled user dll's ...
Registered in 0.000980 seconds.
Begin MonoManager ReloadAssembly
Native extension for WindowsStandalone target not found
Refreshing native plugins compatible for Editor in 0.37 ms, found 1 plugins.
Preloading 0 native plugins for Editor in 0.00 ms.
Mono: successfully reloaded assembly
- Completed reload, in  0.881 seconds
Platform modules already initialized, skipping
Refreshing native plugins compatible for Editor in 0.36 ms, found 1 plugins.
Preloading 0 native plugins for Editor in 0.00 ms.
Unloading 1865 Unused Serialized files (Serialized files now loaded: 0)
System memory in use before: 99.9 MB.
System memory in use after: 99.9 MB.

Unloading 12 unused Assets to reduce memory usage. Loaded Objects now: 2719.
Total: 3.819200 ms (FindLiveObjects: 0.215700 ms CreateObjectMapping: 0.049200 ms MarkObjects: 3.292900 ms  DeleteObjects: 0.260000 ms)

========================================================================
Received Import Request.
  Time since last request: 295.703459 seconds.
  path: Assets/ui/mainui/next.png
  artifactKey: Guid(6d81d04e2d3d5594482afbd42258ede7) Importer(815301076,1909f56bfc062723c751e8b465ee728b)
Start importing Assets/ui/mainui/next.png using Guid(6d81d04e2d3d5594482afbd42258ede7) Importer(815301076,1909f56bfc062723c751e8b465ee728b)  -> (artifact id: '76e10ef765d3de6022841ee48e551e45') in 0.064090 seconds 
========================================================================
Received Import Request.
  Time since last request: 0.000230 seconds.
  path: Assets/ui/mainui/next@2x.png
  artifactKey: Guid(0516211db3e027543af12dd7900231b2) Importer(815301076,1909f56bfc062723c751e8b465ee728b)
Start importing Assets/ui/mainui/next@2x.png using Guid(0516211db3e027543af12dd7900231b2) Importer(815301076,1909f56bfc062723c751e8b465ee728b)  -> (artifact id: '150d30972c5af6fae63261a40442fd0f') in 0.010120 seconds 
========================================================================
Received Import Request.
  Time since last request: 15.255670 seconds.
  path: Assets/ui/mainui/fastforward.png
  artifactKey: Guid(0516211db3e027543af12dd7900231b2) Importer(815301076,1909f56bfc062723c751e8b465ee728b)
Start importing Assets/ui/mainui/fastforward.png using Guid(0516211db3e027543af12dd7900231b2) Importer(815301076,1909f56bfc062723c751e8b465ee728b)  -> (artifact id: '61ea7f1657a5de82153a26dfca8e9b7f') in 0.009457 seconds 
========================================================================
Received Prepare
Registering precompiled user dll's ...
Registered in 0.001034 seconds.
Begin MonoManager ReloadAssembly
Native extension for WindowsStandalone target not found
Refreshing native plugins compatible for Editor in 0.37 ms, found 1 plugins.
Preloading 0 native plugins for Editor in 0.00 ms.
Mono: successfully reloaded assembly
- Completed reload, in  0.935 seconds
Platform modules already initialized, skipping
Refreshing native plugins compatible for Editor in 0.41 ms, found 1 plugins.
Preloading 0 native plugins for Editor in 0.00 ms.
Unloading 1866 Unused Serialized files (Serialized files now loaded: 0)
System memory in use before: 101.3 MB.
System memory in use after: 101.3 MB.

Unloading 12 unused Assets to reduce memory usage. Loaded Objects now: 2771.
Total: 2.288800 ms (FindLiveObjects: 0.249700 ms CreateObjectMapping: 0.055400 ms MarkObjects: 1.883300 ms  DeleteObjects: 0.098800 ms)

========================================================================
Received Prepare
Registering precompiled user dll's ...
Registered in 0.001741 seconds.
Begin MonoManager ReloadAssembly
Native extension for WindowsStandalone target not found
Refreshing native plugins compatible for Editor in 0.38 ms, found 1 plugins.
Preloading 0 native plugins for Editor in 0.00 ms.
Mono: successfully reloaded assembly
- Completed reload, in  0.872 seconds
Platform modules already initialized, skipping
Refreshing native plugins compatible for Editor in 0.37 ms, found 1 plugins.
Preloading 0 native plugins for Editor in 0.00 ms.
Unloading 1865 Unused Serialized files (Serialized files now loaded: 0)
System memory in use before: 101.3 MB.
System memory in use after: 101.3 MB.

Unloading 12 unused Assets to reduce memory usage. Loaded Objects now: 2775.
Total: 2.402100 ms (FindLiveObjects: 0.219000 ms CreateObjectMapping: 0.048800 ms MarkObjects: 2.040900 ms  DeleteObjects: 0.092600 ms)

========================================================================
Received Prepare
Registering precompiled user dll's ...
Registered in 0.000824 seconds.
Begin MonoManager ReloadAssembly
Native extension for WindowsStandalone target not found
Refreshing native plugins compatible for Editor in 0.33 ms, found 1 plugins.
Preloading 0 native plugins for Editor in 0.00 ms.
Mono: successfully reloaded assembly
- Completed reload, in  0.917 seconds
Platform modules already initialized, skipping
Refreshing native plugins compatible for Editor in 0.97 ms, found 1 plugins.
Preloading 0 native plugins for Editor in 0.00 ms.
Unloading 1865 Unused Serialized files (Serialized files now loaded: 0)
System memory in use before: 101.3 MB.
System memory in use after: 101.3 MB.

Unloading 12 unused Assets to reduce memory usage. Loaded Objects now: 2779.
Total: 2.334700 ms (FindLiveObjects: 0.236500 ms CreateObjectMapping: 0.048500 ms MarkObjects: 1.949800 ms  DeleteObjects: 0.098600 ms)

========================================================================
Received Prepare
Registering precompiled user dll's ...
Registered in 0.001024 seconds.
Begin MonoManager ReloadAssembly
Native extension for WindowsStandalone target not found
Refreshing native plugins compatible for Editor in 0.44 ms, found 1 plugins.
Preloading 0 native plugins for Editor in 0.00 ms.
Mono: successfully reloaded assembly
- Completed reload, in  0.976 seconds
Platform modules already initialized, skipping
Refreshing native plugins compatible for Editor in 0.44 ms, found 1 plugins.
Preloading 0 native plugins for Editor in 0.00 ms.
Unloading 1865 Unused Serialized files (Serialized files now loaded: 0)
System memory in use before: 101.4 MB.
System memory in use after: 101.4 MB.

Unloading 12 unused Assets to reduce memory usage. Loaded Objects now: 2783.
Total: 4.531600 ms (FindLiveObjects: 0.624900 ms CreateObjectMapping: 0.126500 ms MarkObjects: 3.633400 ms  DeleteObjects: 0.144700 ms)

========================================================================
Received Prepare
Registering precompiled user dll's ...
Registered in 0.000880 seconds.
Begin MonoManager ReloadAssembly
Native extension for WindowsStandalone target not found
Refreshing native plugins compatible for Editor in 0.45 ms, found 1 plugins.
Preloading 0 native plugins for Editor in 0.00 ms.
Mono: successfully reloaded assembly
- Completed reload, in  1.020 seconds
Platform modules already initialized, skipping
Refreshing native plugins compatible for Editor in 0.37 ms, found 1 plugins.
Preloading 0 native plugins for Editor in 0.00 ms.
Unloading 1865 Unused Serialized files (Serialized files now loaded: 0)
System memory in use before: 101.4 MB.
System memory in use after: 101.4 MB.

Unloading 12 unused Assets to reduce memory usage. Loaded Objects now: 2787.
Total: 2.231900 ms (FindLiveObjects: 0.238200 ms CreateObjectMapping: 0.049000 ms MarkObjects: 1.853400 ms  DeleteObjects: 0.090400 ms)

========================================================================
Received Prepare
Registering precompiled user dll's ...
Registered in 0.000938 seconds.
Begin MonoManager ReloadAssembly
Native extension for WindowsStandalone target not found
Refreshing native plugins compatible for Editor in 0.37 ms, found 1 plugins.
Preloading 0 native plugins for Editor in 0.00 ms.
Mono: successfully reloaded assembly
- Completed reload, in  0.887 seconds
Platform modules already initialized, skipping
Refreshing native plugins compatible for Editor in 0.41 ms, found 1 plugins.
Preloading 0 native plugins for Editor in 0.00 ms.
Unloading 1865 Unused Serialized files (Serialized files now loaded: 0)
System memory in use before: 101.4 MB.
System memory in use after: 101.4 MB.

Unloading 12 unused Assets to reduce memory usage. Loaded Objects now: 2791.
Total: 2.180400 ms (FindLiveObjects: 0.220500 ms CreateObjectMapping: 0.049900 ms MarkObjects: 1.819100 ms  DeleteObjects: 0.090100 ms)

========================================================================
Received Prepare
Refreshing native plugins compatible for Editor in 1.76 ms, found 1 plugins.
Preloading 0 native plugins for Editor in 0.00 ms.
Unloading 10 Unused Serialized files (Serialized files now loaded: 0)
System memory in use before: 64.6 MB.
System memory in use after: 64.6 MB.

Unloading 10 unused Assets to reduce memory usage. Loaded Objects now: 2791.
Total: 3.180600 ms (FindLiveObjects: 0.262000 ms CreateObjectMapping: 0.050500 ms MarkObjects: 2.488100 ms  DeleteObjects: 0.378700 ms)

========================================================================
Received Prepare
Registering precompiled user dll's ...
Registered in 0.000893 seconds.
Begin MonoManager ReloadAssembly
Native extension for WindowsStandalone target not found
Refreshing native plugins compatible for Editor in 0.68 ms, found 1 plugins.
Preloading 0 native plugins for Editor in 0.00 ms.
Mono: successfully reloaded assembly
- Completed reload, in  0.943 seconds
Platform modules already initialized, skipping
Refreshing native plugins compatible for Editor in 0.54 ms, found 1 plugins.
Preloading 0 native plugins for Editor in 0.00 ms.
Unloading 1865 Unused Serialized files (Serialized files now loaded: 0)
System memory in use before: 101.4 MB.
System memory in use after: 101.4 MB.

Unloading 12 unused Assets to reduce memory usage. Loaded Objects now: 2795.
Total: 3.232900 ms (FindLiveObjects: 0.420400 ms CreateObjectMapping: 0.078100 ms MarkObjects: 2.619700 ms  DeleteObjects: 0.113200 ms)

========================================================================
Received Prepare
Registering precompiled user dll's ...
Registered in 0.000807 seconds.
Begin MonoManager ReloadAssembly
Native extension for WindowsStandalone target not found
Refreshing native plugins compatible for Editor in 0.47 ms, found 1 plugins.
Preloading 0 native plugins for Editor in 0.00 ms.
Mono: successfully reloaded assembly
- Completed reload, in  1.030 seconds
Platform modules already initialized, skipping
Refreshing native plugins compatible for Editor in 0.45 ms, found 1 plugins.
Preloading 0 native plugins for Editor in 0.00 ms.
Unloading 1865 Unused Serialized files (Serialized files now loaded: 0)
System memory in use before: 101.4 MB.
System memory in use after: 101.4 MB.

Unloading 12 unused Assets to reduce memory usage. Loaded Objects now: 2799.
Total: 3.007600 ms (FindLiveObjects: 0.274900 ms CreateObjectMapping: 0.050900 ms MarkObjects: 2.569800 ms  DeleteObjects: 0.110100 ms)

========================================================================
Received Prepare
Refreshing native plugins compatible for Editor in 1.70 ms, found 1 plugins.
Preloading 0 native plugins for Editor in 0.00 ms.
Unloading 10 Unused Serialized files (Serialized files now loaded: 0)
System memory in use before: 64.6 MB.
System memory in use after: 64.6 MB.

Unloading 10 unused Assets to reduce memory usage. Loaded Objects now: 2799.
Total: 2.824300 ms (FindLiveObjects: 0.246500 ms CreateObjectMapping: 0.050300 ms MarkObjects: 2.423500 ms  DeleteObjects: 0.103200 ms)

========================================================================
Received Import Request.
  Time since last request: 1406.013702 seconds.
  path: Assets/scripts
  artifactKey: Guid(f5f586f7340304c41a12ae6fb3f732e6) Importer(815301076,1909f56bfc062723c751e8b465ee728b)
Start importing Assets/scripts using Guid(f5f586f7340304c41a12ae6fb3f732e6) Importer(815301076,1909f56bfc062723c751e8b465ee728b)  -> (artifact id: '6b197fefde7f302afb2f8c5fcc33740f') in 0.002785 seconds 
========================================================================
Received Import Request.
  Time since last request: 13.314092 seconds.
  path: Assets/scripts/TimeControl.cs
  artifactKey: Guid(fbc589f08c98a5d419e68895bf2e7359) Importer(815301076,1909f56bfc062723c751e8b465ee728b)
Start importing Assets/scripts/TimeControl.cs using Guid(fbc589f08c98a5d419e68895bf2e7359) Importer(815301076,1909f56bfc062723c751e8b465ee728b)  -> (artifact id: 'd2a0fc3cc12cb405f810cb47c2b62c9a') in 0.004081 seconds 
========================================================================
Received Prepare
Registering precompiled user dll's ...
Registered in 0.001345 seconds.
Begin MonoManager ReloadAssembly
Native extension for WindowsStandalone target not found
Refreshing native plugins compatible for Editor in 0.39 ms, found 1 plugins.
Preloading 0 native plugins for Editor in 0.00 ms.
Mono: successfully reloaded assembly
- Completed reload, in  0.906 seconds
Platform modules already initialized, skipping
Refreshing native plugins compatible for Editor in 0.63 ms, found 1 plugins.
Preloading 0 native plugins for Editor in 0.00 ms.
Unloading 1866 Unused Serialized files (Serialized files now loaded: 0)
System memory in use before: 101.4 MB.
System memory in use after: 101.4 MB.

Unloading 12 unused Assets to reduce memory usage. Loaded Objects now: 2804.
Total: 2.344000 ms (FindLiveObjects: 0.241600 ms CreateObjectMapping: 0.048200 ms MarkObjects: 1.951700 ms  DeleteObjects: 0.101200 ms)

========================================================================
Received Prepare
Registering precompiled user dll's ...
Registered in 0.000963 seconds.
Begin MonoManager ReloadAssembly
Native extension for WindowsStandalone target not found
Refreshing native plugins compatible for Editor in 0.41 ms, found 1 plugins.
Preloading 0 native plugins for Editor in 0.00 ms.
Mono: successfully reloaded assembly
- Completed reload, in  0.890 seconds
Platform modules already initialized, skipping
Refreshing native plugins compatible for Editor in 0.80 ms, found 1 plugins.
Preloading 0 native plugins for Editor in 0.00 ms.
Unloading 1866 Unused Serialized files (Serialized files now loaded: 0)
System memory in use before: 101.4 MB.
System memory in use after: 101.4 MB.

Unloading 12 unused Assets to reduce memory usage. Loaded Objects now: 2808.
Total: 2.392400 ms (FindLiveObjects: 0.227500 ms CreateObjectMapping: 0.048600 ms MarkObjects: 2.015100 ms  DeleteObjects: 0.100000 ms)

========================================================================
Received Import Request.
  Time since last request: 185.215937 seconds.
  path: Assets/scripts/TimeControl.cs
  artifactKey: Guid(fbc589f08c98a5d419e68895bf2e7359) Importer(815301076,1909f56bfc062723c751e8b465ee728b)
Start importing Assets/scripts/TimeControl.cs using Guid(fbc589f08c98a5d419e68895bf2e7359) Importer(815301076,1909f56bfc062723c751e8b465ee728b)  -> (artifact id: '79e9f7466528b6d389f0d0159f5fb747') in 0.004001 seconds 
========================================================================
Received Prepare
Registering precompiled user dll's ...
Registered in 0.001383 seconds.
Begin MonoManager ReloadAssembly
Native extension for WindowsStandalone target not found
Refreshing native plugins compatible for Editor in 0.39 ms, found 1 plugins.
Preloading 0 native plugins for Editor in 0.00 ms.
Mono: successfully reloaded assembly
- Completed reload, in  0.938 seconds
Platform modules already initialized, skipping
Refreshing native plugins compatible for Editor in 0.37 ms, found 1 plugins.
Preloading 0 native plugins for Editor in 0.00 ms.
Unloading 1866 Unused Serialized files (Serialized files now loaded: 0)
System memory in use before: 101.5 MB.
System memory in use after: 101.5 MB.

Unloading 12 unused Assets to reduce memory usage. Loaded Objects now: 2812.
Total: 2.560800 ms (FindLiveObjects: 0.246700 ms CreateObjectMapping: 0.049100 ms MarkObjects: 2.160800 ms  DeleteObjects: 0.103200 ms)

========================================================================
Received Prepare
Registering precompiled user dll's ...
Registered in 0.000822 seconds.
Begin MonoManager ReloadAssembly
Native extension for WindowsStandalone target not found
Refreshing native plugins compatible for Editor in 0.40 ms, found 1 plugins.
Preloading 0 native plugins for Editor in 0.00 ms.
Mono: successfully reloaded assembly
- Completed reload, in  0.880 seconds
Platform modules already initialized, skipping
Refreshing native plugins compatible for Editor in 0.58 ms, found 1 plugins.
Preloading 0 native plugins for Editor in 0.00 ms.
Unloading 1866 Unused Serialized files (Serialized files now loaded: 0)
System memory in use before: 101.5 MB.
System memory in use after: 101.5 MB.

Unloading 12 unused Assets to reduce memory usage. Loaded Objects now: 2816.
Total: 2.241300 ms (FindLiveObjects: 0.221400 ms CreateObjectMapping: 0.049500 ms MarkObjects: 1.875500 ms  DeleteObjects: 0.094000 ms)

========================================================================
Received Prepare
Registering precompiled user dll's ...
Registered in 0.001494 seconds.
Begin MonoManager ReloadAssembly
Native extension for WindowsStandalone target not found
Refreshing native plugins compatible for Editor in 0.37 ms, found 1 plugins.
Preloading 0 native plugins for Editor in 0.00 ms.
Mono: successfully reloaded assembly
- Completed reload, in  0.889 seconds
Platform modules already initialized, skipping
Refreshing native plugins compatible for Editor in 0.38 ms, found 1 plugins.
Preloading 0 native plugins for Editor in 0.00 ms.
Unloading 1866 Unused Serialized files (Serialized files now loaded: 0)
System memory in use before: 101.5 MB.
System memory in use after: 101.5 MB.

Unloading 12 unused Assets to reduce memory usage. Loaded Objects now: 2820.
Total: 2.222400 ms (FindLiveObjects: 0.247600 ms CreateObjectMapping: 0.049100 ms MarkObjects: 1.833300 ms  DeleteObjects: 0.091400 ms)

========================================================================
Received Prepare
Registering precompiled user dll's ...
Registered in 0.000820 seconds.
Begin MonoManager ReloadAssembly
Native extension for WindowsStandalone target not found
Refreshing native plugins compatible for Editor in 0.37 ms, found 1 plugins.
Preloading 0 native plugins for Editor in 0.00 ms.
Mono: successfully reloaded assembly
- Completed reload, in  0.916 seconds
Platform modules already initialized, skipping
Refreshing native plugins compatible for Editor in 0.36 ms, found 1 plugins.
Preloading 0 native plugins for Editor in 0.00 ms.
Unloading 1866 Unused Serialized files (Serialized files now loaded: 0)
System memory in use before: 101.5 MB.
System memory in use after: 101.5 MB.

Unloading 12 unused Assets to reduce memory usage. Loaded Objects now: 2824.
Total: 3.476800 ms (FindLiveObjects: 0.604200 ms CreateObjectMapping: 0.068900 ms MarkObjects: 2.695300 ms  DeleteObjects: 0.105300 ms)

========================================================================
Received Prepare
Registering precompiled user dll's ...
Registered in 0.000878 seconds.
Begin MonoManager ReloadAssembly
Native extension for WindowsStandalone target not found
Refreshing native plugins compatible for Editor in 0.45 ms, found 1 plugins.
Preloading 0 native plugins for Editor in 0.00 ms.
Mono: successfully reloaded assembly
- Completed reload, in  0.954 seconds
Platform modules already initialized, skipping
Refreshing native plugins compatible for Editor in 0.45 ms, found 1 plugins.
Preloading 0 native plugins for Editor in 0.00 ms.
Unloading 1866 Unused Serialized files (Serialized files now loaded: 0)
System memory in use before: 101.6 MB.
System memory in use after: 101.6 MB.

Unloading 12 unused Assets to reduce memory usage. Loaded Objects now: 2828.
Total: 2.323000 ms (FindLiveObjects: 0.249700 ms CreateObjectMapping: 0.050000 ms MarkObjects: 1.923400 ms  DeleteObjects: 0.098500 ms)

========================================================================
Received Prepare
Registering precompiled user dll's ...
Registered in 0.000974 seconds.
Begin MonoManager ReloadAssembly
Native extension for WindowsStandalone target not found
Refreshing native plugins compatible for Editor in 0.40 ms, found 1 plugins.
Preloading 0 native plugins for Editor in 0.00 ms.
Mono: successfully reloaded assembly
- Completed reload, in  0.910 seconds
Platform modules already initialized, skipping
Refreshing native plugins compatible for Editor in 0.35 ms, found 1 plugins.
Preloading 0 native plugins for Editor in 0.00 ms.
Unloading 1866 Unused Serialized files (Serialized files now loaded: 0)
System memory in use before: 101.6 MB.
System memory in use after: 101.6 MB.

Unloading 12 unused Assets to reduce memory usage. Loaded Objects now: 2832.
Total: 2.403900 ms (FindLiveObjects: 0.232400 ms CreateObjectMapping: 0.086600 ms MarkObjects: 1.982600 ms  DeleteObjects: 0.101100 ms)

========================================================================
Received Prepare
Registering precompiled user dll's ...
Registered in 0.000932 seconds.
Begin MonoManager ReloadAssembly
Native extension for WindowsStandalone target not found
Refreshing native plugins compatible for Editor in 0.38 ms, found 1 plugins.
Preloading 0 native plugins for Editor in 0.00 ms.
Mono: successfully reloaded assembly
- Completed reload, in  0.908 seconds
Platform modules already initialized, skipping
Refreshing native plugins compatible for Editor in 0.49 ms, found 1 plugins.
Preloading 0 native plugins for Editor in 0.00 ms.
Unloading 1866 Unused Serialized files (Serialized files now loaded: 0)
System memory in use before: 101.6 MB.
System memory in use after: 101.6 MB.

Unloading 12 unused Assets to reduce memory usage. Loaded Objects now: 2836.
Total: 2.272000 ms (FindLiveObjects: 0.227100 ms CreateObjectMapping: 0.048900 ms MarkObjects: 1.902300 ms  DeleteObjects: 0.092600 ms)

========================================================================
Received Prepare
Registering precompiled user dll's ...
Registered in 0.001013 seconds.
Begin MonoManager ReloadAssembly
Native extension for WindowsStandalone target not found
Refreshing native plugins compatible for Editor in 0.39 ms, found 1 plugins.
Preloading 0 native plugins for Editor in 0.00 ms.
Mono: successfully reloaded assembly
- Completed reload, in  0.956 seconds
Platform modules already initialized, skipping
Refreshing native plugins compatible for Editor in 0.37 ms, found 1 plugins.
Preloading 0 native plugins for Editor in 0.00 ms.
Unloading 1866 Unused Serialized files (Serialized files now loaded: 0)
System memory in use before: 101.6 MB.
System memory in use after: 101.7 MB.

Unloading 12 unused Assets to reduce memory usage. Loaded Objects now: 2840.
Total: 2.621400 ms (FindLiveObjects: 0.252700 ms CreateObjectMapping: 0.055300 ms MarkObjects: 2.207900 ms  DeleteObjects: 0.104300 ms)

========================================================================
Received Prepare
Registering precompiled user dll's ...
Registered in 0.000855 seconds.
Begin MonoManager ReloadAssembly
Native extension for WindowsStandalone target not found
Refreshing native plugins compatible for Editor in 0.44 ms, found 1 plugins.
Preloading 0 native plugins for Editor in 0.00 ms.
Mono: successfully reloaded assembly
- Completed reload, in  0.897 seconds
Platform modules already initialized, skipping
Refreshing native plugins compatible for Editor in 0.41 ms, found 1 plugins.
Preloading 0 native plugins for Editor in 0.00 ms.
Unloading 1866 Unused Serialized files (Serialized files now loaded: 0)
System memory in use before: 101.6 MB.
System memory in use after: 101.7 MB.

Unloading 12 unused Assets to reduce memory usage. Loaded Objects now: 2844.
Total: 2.248500 ms (FindLiveObjects: 0.259500 ms CreateObjectMapping: 0.054700 ms MarkObjects: 1.842200 ms  DeleteObjects: 0.090900 ms)

========================================================================
Received Prepare
Registering precompiled user dll's ...
Registered in 0.001435 seconds.
Begin MonoManager ReloadAssembly
Native extension for WindowsStandalone target not found
Refreshing native plugins compatible for Editor in 0.58 ms, found 1 plugins.
Preloading 0 native plugins for Editor in 0.00 ms.
Mono: successfully reloaded assembly
- Completed reload, in  0.950 seconds
Platform modules already initialized, skipping
Refreshing native plugins compatible for Editor in 0.38 ms, found 1 plugins.
Preloading 0 native plugins for Editor in 0.00 ms.
Unloading 1866 Unused Serialized files (Serialized files now loaded: 0)
System memory in use before: 101.7 MB.
System memory in use after: 101.7 MB.

Unloading 12 unused Assets to reduce memory usage. Loaded Objects now: 2848.
Total: 2.269400 ms (FindLiveObjects: 0.261800 ms CreateObjectMapping: 0.057800 ms MarkObjects: 1.853900 ms  DeleteObjects: 0.095000 ms)

========================================================================
Received Prepare
Registering precompiled user dll's ...
Registered in 0.000813 seconds.
Begin MonoManager ReloadAssembly
Native extension for WindowsStandalone target not found
Refreshing native plugins compatible for Editor in 0.36 ms, found 1 plugins.
Preloading 0 native plugins for Editor in 0.00 ms.
Mono: successfully reloaded assembly
- Completed reload, in  0.917 seconds
Platform modules already initialized, skipping
Refreshing native plugins compatible for Editor in 0.58 ms, found 1 plugins.
Preloading 0 native plugins for Editor in 0.00 ms.
Unloading 1866 Unused Serialized files (Serialized files now loaded: 0)
System memory in use before: 101.7 MB.
System memory in use after: 101.7 MB.

Unloading 12 unused Assets to reduce memory usage. Loaded Objects now: 2852.
Total: 2.338400 ms (FindLiveObjects: 0.235400 ms CreateObjectMapping: 0.058900 ms MarkObjects: 1.943600 ms  DeleteObjects: 0.099300 ms)

========================================================================
Received Prepare
Registering precompiled user dll's ...
Registered in 0.000843 seconds.
Begin MonoManager ReloadAssembly
Native extension for WindowsStandalone target not found
Refreshing native plugins compatible for Editor in 0.41 ms, found 1 plugins.
Preloading 0 native plugins for Editor in 0.00 ms.
Mono: successfully reloaded assembly
- Completed reload, in  0.948 seconds
Platform modules already initialized, skipping
Refreshing native plugins compatible for Editor in 0.36 ms, found 1 plugins.
Preloading 0 native plugins for Editor in 0.00 ms.
Unloading 1866 Unused Serialized files (Serialized files now loaded: 0)
System memory in use before: 101.7 MB.
System memory in use after: 101.8 MB.

Unloading 12 unused Assets to reduce memory usage. Loaded Objects now: 2856.
Total: 2.475200 ms (FindLiveObjects: 0.259500 ms CreateObjectMapping: 0.056400 ms MarkObjects: 2.067700 ms  DeleteObjects: 0.090300 ms)

========================================================================
Received Prepare
Registering precompiled user dll's ...
Registered in 0.000838 seconds.
Begin MonoManager ReloadAssembly
Native extension for WindowsStandalone target not found
Refreshing native plugins compatible for Editor in 0.59 ms, found 1 plugins.
Preloading 0 native plugins for Editor in 0.00 ms.
Mono: successfully reloaded assembly
- Completed reload, in  0.896 seconds
Platform modules already initialized, skipping
Refreshing native plugins compatible for Editor in 0.54 ms, found 1 plugins.
Preloading 0 native plugins for Editor in 0.00 ms.
Unloading 1866 Unused Serialized files (Serialized files now loaded: 0)
System memory in use before: 101.7 MB.
System memory in use after: 101.8 MB.

Unloading 12 unused Assets to reduce memory usage. Loaded Objects now: 2860.
Total: 2.253500 ms (FindLiveObjects: 0.257600 ms CreateObjectMapping: 0.054900 ms MarkObjects: 1.850100 ms  DeleteObjects: 0.089500 ms)

========================================================================
Received Prepare
Registering precompiled user dll's ...
Registered in 0.000900 seconds.
Begin MonoManager ReloadAssembly
Native extension for WindowsStandalone target not found
Refreshing native plugins compatible for Editor in 0.65 ms, found 1 plugins.
Preloading 0 native plugins for Editor in 0.00 ms.
Mono: successfully reloaded assembly
- Completed reload, in  0.966 seconds
Platform modules already initialized, skipping
Refreshing native plugins compatible for Editor in 0.66 ms, found 1 plugins.
Preloading 0 native plugins for Editor in 0.00 ms.
Unloading 1866 Unused Serialized files (Serialized files now loaded: 0)
System memory in use before: 101.7 MB.
System memory in use after: 101.8 MB.

Unloading 12 unused Assets to reduce memory usage. Loaded Objects now: 2864.
Total: 2.278900 ms (FindLiveObjects: 0.248500 ms CreateObjectMapping: 0.053700 ms MarkObjects: 1.843800 ms  DeleteObjects: 0.131200 ms)

========================================================================
Received Prepare
Registering precompiled user dll's ...
Registered in 0.000944 seconds.
Begin MonoManager ReloadAssembly
Native extension for WindowsStandalone target not found
Refreshing native plugins compatible for Editor in 0.38 ms, found 1 plugins.
Preloading 0 native plugins for Editor in 0.00 ms.
Mono: successfully reloaded assembly
- Completed reload, in  0.922 seconds
Platform modules already initialized, skipping
Refreshing native plugins compatible for Editor in 0.38 ms, found 1 plugins.
Preloading 0 native plugins for Editor in 0.00 ms.
Unloading 1866 Unused Serialized files (Serialized files now loaded: 0)
System memory in use before: 101.7 MB.
System memory in use after: 101.8 MB.

Unloading 12 unused Assets to reduce memory usage. Loaded Objects now: 2868.
Total: 3.591000 ms (FindLiveObjects: 0.418600 ms CreateObjectMapping: 0.078300 ms MarkObjects: 2.959500 ms  DeleteObjects: 0.133200 ms)

========================================================================
Received Import Request.
  Time since last request: 2191.717483 seconds.
  path: Assets/ui/pause.png
  artifactKey: Guid(3938f4c81aa923347aa619d198896ff2) Importer(815301076,1909f56bfc062723c751e8b465ee728b)
Start importing Assets/ui/pause.png using Guid(3938f4c81aa923347aa619d198896ff2) Importer(815301076,1909f56bfc062723c751e8b465ee728b)  -> (artifact id: '9a2e92af9903dcf96af205db4acd1081') in 0.081990 seconds 
========================================================================
Received Import Request.
  Time since last request: 0.000307 seconds.
  path: Assets/ui/pause@2x.png
  artifactKey: Guid(c25a4b2334f363e4185bab4dd744f676) Importer(815301076,1909f56bfc062723c751e8b465ee728b)
Start importing Assets/ui/pause@2x.png using Guid(c25a4b2334f363e4185bab4dd744f676) Importer(815301076,1909f56bfc062723c751e8b465ee728b)  -> (artifact id: '0edbfb29f1ef4dc3081ef58b24f8a823') in 0.008146 seconds 
========================================================================
Received Import Request.
  Time since last request: 24.503207 seconds.
  path: Assets/ui/mainui/unpause.png
  artifactKey: Guid(c25a4b2334f363e4185bab4dd744f676) Importer(815301076,1909f56bfc062723c751e8b465ee728b)
Start importing Assets/ui/mainui/unpause.png using Guid(c25a4b2334f363e4185bab4dd744f676) Importer(815301076,1909f56bfc062723c751e8b465ee728b)  -> (artifact id: 'bcb2eb04dd8c87b084f65e47ab4e66c2') in 0.015950 seconds 
========================================================================
Received Prepare
Registering precompiled user dll's ...
Registered in 0.001096 seconds.
Begin MonoManager ReloadAssembly
Native extension for WindowsStandalone target not found
Refreshing native plugins compatible for Editor in 0.39 ms, found 1 plugins.
Preloading 0 native plugins for Editor in 0.00 ms.
Mono: successfully reloaded assembly
- Completed reload, in  0.970 seconds
Platform modules already initialized, skipping
Refreshing native plugins compatible for Editor in 0.35 ms, found 1 plugins.
Preloading 0 native plugins for Editor in 0.00 ms.
Unloading 1867 Unused Serialized files (Serialized files now loaded: 0)
System memory in use before: 102.9 MB.
System memory in use after: 103.0 MB.

Unloading 12 unused Assets to reduce memory usage. Loaded Objects now: 2916.
Total: 3.567400 ms (FindLiveObjects: 0.242800 ms CreateObjectMapping: 0.053000 ms MarkObjects: 3.071100 ms  DeleteObjects: 0.198400 ms)

========================================================================
Received Prepare
Registering precompiled user dll's ...
Registered in 0.001263 seconds.
Begin MonoManager ReloadAssembly
Native extension for WindowsStandalone target not found
Refreshing native plugins compatible for Editor in 0.36 ms, found 1 plugins.
Preloading 0 native plugins for Editor in 0.00 ms.
Mono: successfully reloaded assembly
- Completed reload, in  0.973 seconds
Platform modules already initialized, skipping
Refreshing native plugins compatible for Editor in 0.54 ms, found 1 plugins.
Preloading 0 native plugins for Editor in 0.00 ms.
Unloading 1866 Unused Serialized files (Serialized files now loaded: 0)
System memory in use before: 102.9 MB.
System memory in use after: 103.0 MB.

Unloading 12 unused Assets to reduce memory usage. Loaded Objects now: 2920.
Total: 2.312600 ms (FindLiveObjects: 0.241000 ms CreateObjectMapping: 0.058000 ms MarkObjects: 1.919200 ms  DeleteObjects: 0.093300 ms)

========================================================================
Received Prepare
Registering precompiled user dll's ...
Registered in 0.000875 seconds.
Begin MonoManager ReloadAssembly
Native extension for WindowsStandalone target not found
Refreshing native plugins compatible for Editor in 0.68 ms, found 1 plugins.
Preloading 0 native plugins for Editor in 0.00 ms.
Mono: successfully reloaded assembly
- Completed reload, in  0.975 seconds
Platform modules already initialized, skipping
Refreshing native plugins compatible for Editor in 0.43 ms, found 1 plugins.
Preloading 0 native plugins for Editor in 0.00 ms.
Unloading 1866 Unused Serialized files (Serialized files now loaded: 0)
System memory in use before: 102.9 MB.
System memory in use after: 103.0 MB.

Unloading 12 unused Assets to reduce memory usage. Loaded Objects now: 2924.
Total: 2.854400 ms (FindLiveObjects: 0.283200 ms CreateObjectMapping: 0.059000 ms MarkObjects: 2.409900 ms  DeleteObjects: 0.101200 ms)

========================================================================
Received Prepare
Registering precompiled user dll's ...
Registered in 0.000893 seconds.
Begin MonoManager ReloadAssembly
Native extension for WindowsStandalone target not found
Refreshing native plugins compatible for Editor in 0.42 ms, found 1 plugins.
Preloading 0 native plugins for Editor in 0.00 ms.
Mono: successfully reloaded assembly
- Completed reload, in  0.929 seconds
Platform modules already initialized, skipping
Refreshing native plugins compatible for Editor in 0.65 ms, found 1 plugins.
Preloading 0 native plugins for Editor in 0.00 ms.
Unloading 1866 Unused Serialized files (Serialized files now loaded: 0)
System memory in use before: 102.9 MB.
System memory in use after: 103.0 MB.

Unloading 12 unused Assets to reduce memory usage. Loaded Objects now: 2928.
Total: 4.511300 ms (FindLiveObjects: 0.260600 ms CreateObjectMapping: 0.056800 ms MarkObjects: 3.610300 ms  DeleteObjects: 0.582000 ms)

========================================================================
Received Prepare
Refreshing native plugins compatible for Editor in 1.50 ms, found 1 plugins.
Preloading 0 native plugins for Editor in 0.00 ms.
Unloading 10 Unused Serialized files (Serialized files now loaded: 0)
System memory in use before: 66.1 MB.
System memory in use after: 66.2 MB.

Unloading 10 unused Assets to reduce memory usage. Loaded Objects now: 2928.
Total: 2.549500 ms (FindLiveObjects: 0.247000 ms CreateObjectMapping: 0.054400 ms MarkObjects: 2.160200 ms  DeleteObjects: 0.087000 ms)

========================================================================
Received Prepare
Registering precompiled user dll's ...
Registered in 0.000812 seconds.
Begin MonoManager ReloadAssembly
Native extension for WindowsStandalone target not found
Refreshing native plugins compatible for Editor in 0.59 ms, found 1 plugins.
Preloading 0 native plugins for Editor in 0.00 ms.
Mono: successfully reloaded assembly
- Completed reload, in  1.071 seconds
Platform modules already initialized, skipping
Refreshing native plugins compatible for Editor in 0.53 ms, found 1 plugins.
Preloading 0 native plugins for Editor in 0.00 ms.
Unloading 1866 Unused Serialized files (Serialized files now loaded: 0)
System memory in use before: 102.9 MB.
System memory in use after: 103.0 MB.

Unloading 12 unused Assets to reduce memory usage. Loaded Objects now: 2932.
Total: 4.315300 ms (FindLiveObjects: 0.286400 ms CreateObjectMapping: 0.058100 ms MarkObjects: 3.765900 ms  DeleteObjects: 0.202800 ms)

========================================================================
Received Prepare
Refreshing native plugins compatible for Editor in 1.71 ms, found 1 plugins.
Preloading 0 native plugins for Editor in 0.00 ms.
Unloading 10 Unused Serialized files (Serialized files now loaded: 0)
System memory in use before: 66.1 MB.
System memory in use after: 66.2 MB.

Unloading 10 unused Assets to reduce memory usage. Loaded Objects now: 2932.
Total: 2.471800 ms (FindLiveObjects: 0.255800 ms CreateObjectMapping: 0.055700 ms MarkObjects: 2.063300 ms  DeleteObjects: 0.096100 ms)

========================================================================
Received Prepare
Registering precompiled user dll's ...
Registered in 0.000873 seconds.
Begin MonoManager ReloadAssembly
Native extension for WindowsStandalone target not found
Refreshing native plugins compatible for Editor in 0.36 ms, found 1 plugins.
Preloading 0 native plugins for Editor in 0.00 ms.
Mono: successfully reloaded assembly
- Completed reload, in  0.893 seconds
Platform modules already initialized, skipping
Refreshing native plugins compatible for Editor in 0.44 ms, found 1 plugins.
Preloading 0 native plugins for Editor in 0.00 ms.
Unloading 1866 Unused Serialized files (Serialized files now loaded: 0)
System memory in use before: 103.0 MB.
System memory in use after: 103.0 MB.

Unloading 12 unused Assets to reduce memory usage. Loaded Objects now: 2936.
Total: 2.365800 ms (FindLiveObjects: 0.243800 ms CreateObjectMapping: 0.075900 ms MarkObjects: 1.940800 ms  DeleteObjects: 0.104400 ms)

========================================================================
Received Prepare
Refreshing native plugins compatible for Editor in 2.29 ms, found 1 plugins.
Preloading 0 native plugins for Editor in 0.00 ms.
Unloading 10 Unused Serialized files (Serialized files now loaded: 0)
System memory in use before: 66.1 MB.
System memory in use after: 66.2 MB.

Unloading 10 unused Assets to reduce memory usage. Loaded Objects now: 2936.
Total: 3.648300 ms (FindLiveObjects: 0.408900 ms CreateObjectMapping: 0.070700 ms MarkObjects: 3.056600 ms  DeleteObjects: 0.110600 ms)

========================================================================
Received Prepare
Registering precompiled user dll's ...
Registered in 0.000856 seconds.
Begin MonoManager ReloadAssembly
Native extension for WindowsStandalone target not found
Refreshing native plugins compatible for Editor in 0.41 ms, found 1 plugins.
Preloading 0 native plugins for Editor in 0.00 ms.
Mono: successfully reloaded assembly
- Completed reload, in  1.072 seconds
Platform modules already initialized, skipping
Refreshing native plugins compatible for Editor in 0.44 ms, found 1 plugins.
Preloading 0 native plugins for Editor in 0.00 ms.
Unloading 1866 Unused Serialized files (Serialized files now loaded: 0)
System memory in use before: 103.0 MB.
System memory in use after: 103.0 MB.

Unloading 12 unused Assets to reduce memory usage. Loaded Objects now: 2940.
Total: 4.340100 ms (FindLiveObjects: 0.402800 ms CreateObjectMapping: 0.061000 ms MarkObjects: 3.741500 ms  DeleteObjects: 0.133000 ms)

========================================================================
Received Prepare
Refreshing native plugins compatible for Editor in 1.63 ms, found 1 plugins.
Preloading 0 native plugins for Editor in 0.00 ms.
Unloading 10 Unused Serialized files (Serialized files now loaded: 0)
System memory in use before: 66.1 MB.
System memory in use after: 66.2 MB.

Unloading 10 unused Assets to reduce memory usage. Loaded Objects now: 2940.
Total: 2.521800 ms (FindLiveObjects: 0.259800 ms CreateObjectMapping: 0.055900 ms MarkObjects: 2.109800 ms  DeleteObjects: 0.095100 ms)

========================================================================
Received Prepare
Refreshing native plugins compatible for Editor in 1.83 ms, found 1 plugins.
Preloading 0 native plugins for Editor in 0.00 ms.
Unloading 10 Unused Serialized files (Serialized files now loaded: 0)
System memory in use before: 66.1 MB.
System memory in use after: 66.2 MB.

Unloading 10 unused Assets to reduce memory usage. Loaded Objects now: 2940.
Total: 2.581800 ms (FindLiveObjects: 0.287000 ms CreateObjectMapping: 0.064700 ms MarkObjects: 2.126300 ms  DeleteObjects: 0.102400 ms)

